# JRE version: Java(TM) SE Runtime Environment Oracle GraalVM 24+36.1 (24.0+36) (build 24+36-jvmci-b01)
# Java VM: Java HotSpot(TM) 64-Bit Server VM Oracle GraalVM 24+36.1 (24+36-jvmci-b01, mixed mode, sharing, tiered, jvmci, jvmci compiler, compressed oops, compressed class ptrs, g1 gc, windows-amd64)
GC Precious Log:
 CardTable entry size: 512
 Card Set container configuration: InlinePtr #cards 4 size 8 Array Of Cards #cards 16 size 48 Howl #buckets 8 coarsen threshold 3686 Howl Bitmap #cards 512 size 80 coarsen threshold 460 Card regions per heap region 1 cards per card region 4096
 CPUs: 16 total, 16 available
 Memory: 16236M
 Large Page Support: Disabled
 NUMA Support: Disabled
 Compressed Oops: Enabled (Zero based)
 Heap Region Size: 2M
 Heap Min Capacity: 8M
 Heap Initial Capacity: 254M
 Heap Max Capacity: 4060M
 Pre-touch: Disabled
 Parallel Workers: 13
 Concurrent Workers: 3
 Concurrent Refinement Workers: 13
 Periodic GC: Disabled
Heap:
 garbage-first heap   total reserved 4157440K, committed 69632K, used 34359K [0x0000000702400000, 0x0000000800000000)
  region size 2048K, 1 young (2048K), 1 survivors (2048K)
 Metaspace       used 69700K, committed 70272K, reserved 1114112K
  class space    used 7191K, committed 7424K, reserved 1048576K
GC Heap History (20 events):
Event: 1.421 GC heap after
{Heap after GC invocations=2 (full 0):
 garbage-first heap   total reserved 4157440K, committed 262144K, used 18026K [0x0000000702400000, 0x0000000800000000)
  region size 2048K, 6 young (12288K), 6 survivors (12288K)
 Metaspace       used 21244K, committed 21504K, reserved 1114112K
  class space    used 1937K, committed 2048K, reserved 1048576K
}
Event: 1.988 GC heap before
{Heap before GC invocations=3 (full 0):
 garbage-first heap   total reserved 4157440K, committed 69632K, used 46698K [0x0000000702400000, 0x0000000800000000)
  region size 2048K, 20 young (40960K), 6 survivors (12288K)
 Metaspace       used 24709K, committed 25024K, reserved 1114112K
  class space    used 2279K, committed 2432K, reserved 1048576K
}
Event: 1.994 GC heap after
{Heap after GC invocations=4 (full 0):
 garbage-first heap   total reserved 4157440K, committed 69632K, used 19718K [0x0000000702400000, 0x0000000800000000)
  region size 2048K, 2 young (4096K), 2 survivors (4096K)
 Metaspace       used 24709K, committed 25024K, reserved 1114112K
  class space    used 2279K, committed 2432K, reserved 1048576K
}
Event: 2.485 GC heap before
{Heap before GC invocations=4 (full 0):
 garbage-first heap   total reserved 4157440K, committed 69632K, used 48390K [0x0000000702400000, 0x0000000800000000)
  region size 2048K, 16 young (32768K), 2 survivors (4096K)
 Metaspace       used 29565K, committed 29952K, reserved 1114112K
  class space    used 2848K, committed 3008K, reserved 1048576K
}
Event: 2.492 GC heap after
{Heap after GC invocations=5 (full 0):
 garbage-first heap   total reserved 4157440K, committed 69632K, used 21944K [0x0000000702400000, 0x0000000800000000)
  region size 2048K, 2 young (4096K), 2 survivors (4096K)
 Metaspace       used 29565K, committed 29952K, reserved 1114112K
  class space    used 2848K, committed 3008K, reserved 1048576K
}
Event: 3.736 GC heap before
{Heap before GC invocations=5 (full 0):
 garbage-first heap   total reserved 4157440K, committed 69632K, used 46520K [0x0000000702400000, 0x0000000800000000)
  region size 2048K, 15 young (30720K), 2 survivors (4096K)
 Metaspace       used 35550K, committed 35968K, reserved 1114112K
  class space    used 3471K, committed 3648K, reserved 1048576K
}
Event: 3.738 GC heap after
{Heap after GC invocations=6 (full 0):
 garbage-first heap   total reserved 4157440K, committed 69632K, used 24540K [0x0000000702400000, 0x0000000800000000)
  region size 2048K, 2 young (4096K), 2 survivors (4096K)
 Metaspace       used 35550K, committed 35968K, reserved 1114112K
  class space    used 3471K, committed 3648K, reserved 1048576K
}
Event: 4.231 GC heap before
{Heap before GC invocations=7 (full 0):
 garbage-first heap   total reserved 4157440K, committed 69632K, used 51164K [0x0000000702400000, 0x0000000800000000)
  region size 2048K, 16 young (32768K), 2 survivors (4096K)
 Metaspace       used 42158K, committed 42560K, reserved 1114112K
  class space    used 4154K, committed 4352K, reserved 1048576K
}
Event: 4.233 GC heap after
{Heap after GC invocations=8 (full 0):
 garbage-first heap   total reserved 4157440K, committed 69632K, used 26551K [0x0000000702400000, 0x0000000800000000)
  region size 2048K, 1 young (2048K), 1 survivors (2048K)
 Metaspace       used 42158K, committed 42560K, reserved 1114112K
  class space    used 4154K, committed 4352K, reserved 1048576K
}
Event: 4.880 GC heap before
{Heap before GC invocations=8 (full 0):
 garbage-first heap   total reserved 4157440K, committed 69632K, used 55223K [0x0000000702400000, 0x0000000800000000)
  region size 2048K, 16 young (32768K), 1 survivors (2048K)
 Metaspace       used 52057K, committed 52544K, reserved 1114112K
  class space    used 5126K, committed 5312K, reserved 1048576K
}
Event: 4.883 GC heap after
{Heap after GC invocations=9 (full 0):
 garbage-first heap   total reserved 4157440K, committed 69632K, used 27644K [0x0000000702400000, 0x0000000800000000)
  region size 2048K, 2 young (4096K), 2 survivors (4096K)
 Metaspace       used 52057K, committed 52544K, reserved 1114112K
  class space    used 5126K, committed 5312K, reserved 1048576K
}
Event: 5.396 GC heap before
{Heap before GC invocations=9 (full 0):
 garbage-first heap   total reserved 4157440K, committed 69632K, used 58364K [0x0000000702400000, 0x0000000800000000)
  region size 2048K, 17 young (34816K), 2 survivors (4096K)
 Metaspace       used 59753K, committed 60288K, reserved 1114112K
  class space    used 6075K, committed 6272K, reserved 1048576K
}
Event: 5.399 GC heap after
{Heap after GC invocations=10 (full 0):
 garbage-first heap   total reserved 4157440K, committed 69632K, used 29353K [0x0000000702400000, 0x0000000800000000)
  region size 2048K, 2 young (4096K), 2 survivors (4096K)
 Metaspace       used 59753K, committed 60288K, reserved 1114112K
  class space    used 6075K, committed 6272K, reserved 1048576K
}
Event: 5.426 GC heap before
{Heap before GC invocations=10 (full 0):
 garbage-first heap   total reserved 4157440K, committed 69632K, used 29353K [0x0000000702400000, 0x0000000800000000)
  region size 2048K, 3 young (6144K), 2 survivors (4096K)
 Metaspace       used 59925K, committed 60416K, reserved 1114112K
  class space    used 6096K, committed 6272K, reserved 1048576K
}
Event: 5.428 GC heap after
{Heap after GC invocations=11 (full 0):
 garbage-first heap   total reserved 4157440K, committed 69632K, used 29701K [0x0000000702400000, 0x0000000800000000)
  region size 2048K, 1 young (2048K), 1 survivors (2048K)
 Metaspace       used 59925K, committed 60416K, reserved 1114112K
  class space    used 6096K, committed 6272K, reserved 1048576K
}
Event: 6.011 GC heap before
{Heap before GC invocations=12 (full 0):
 garbage-first heap   total reserved 4157440K, committed 69632K, used 60421K [0x0000000702400000, 0x0000000800000000)
  region size 2048K, 16 young (32768K), 1 survivors (2048K)
 Metaspace       used 63939K, committed 64448K, reserved 1114112K
  class space    used 6597K, committed 6784K, reserved 1048576K
}
Event: 6.013 GC heap after
{Heap after GC invocations=13 (full 0):
 garbage-first heap   total reserved 4157440K, committed 69632K, used 32618K [0x0000000702400000, 0x0000000800000000)
  region size 2048K, 2 young (4096K), 2 survivors (4096K)
 Metaspace       used 63939K, committed 64448K, reserved 1114112K
  class space    used 6597K, committed 6784K, reserved 1048576K
}
Event: 6.240 GC heap before
{Heap before GC invocations=13 (full 0):
 garbage-first heap   total reserved 4157440K, committed 69632K, used 59242K [0x0000000702400000, 0x0000000800000000)
  region size 2048K, 15 young (30720K), 2 survivors (4096K)
 Metaspace       used 64529K, committed 65024K, reserved 1114112K
  class space    used 6650K, committed 6848K, reserved 1048576K
}
Event: 6.243 GC heap after
{Heap after GC invocations=14 (full 0):
 garbage-first heap   total reserved 4157440K, committed 69632K, used 33219K [0x0000000702400000, 0x0000000800000000)
  region size 2048K, 1 young (2048K), 1 survivors (2048K)
 Metaspace       used 64529K, committed 65024K, reserved 1114112K
  class space    used 6650K, committed 6848K, reserved 1048576K
}
Event: 32.313 GC heap before
{Heap before GC invocations=14 (full 0):
 garbage-first heap   total reserved 4157440K, committed 69632K, used 59843K [0x0000000702400000, 0x0000000800000000)
  region size 2048K, 14 young (28672K), 1 survivors (2048K)
 Metaspace       used 69700K, committed 70272K, reserved 1114112K
  class space    used 7191K, committed 7424K, reserved 1048576K
}

